  Array.cpp
  main.cpp
  Collisions.cpp
  LargeInt.cpp
C:\Users\roder\source\repos\GDE - Utils_Tools\main.cpp(19,12): warning C4244:  'argument': conversion from 'time_t' to 'unsigned int', possible loss of data
C:\Users\roder\source\repos\GDE - Utils_Tools\math\LargeInt.cpp(12,39): warning C4018:  '<': signed/unsigned mismatch
C:\Users\roder\source\repos\GDE - Utils_Tools\math\LargeInt.cpp(15,24): warning C4018:  '<': signed/unsigned mismatch
  Matrix.cpp
C:\Users\roder\source\repos\GDE - Utils_Tools\math\LargeInt.cpp(182,20): warning C4018:  '<': signed/unsigned mismatch
C:\Users\roder\source\repos\GDE - Utils_Tools\math\Matrix.cpp(26,20): warning C4018:  '<': signed/unsigned mismatch
  Quaternion.cpp
  Shape.cpp
  Vector.cpp
C:\Users\roder\source\repos\GDE - Utils_Tools\math\Matrix.cpp(28,21): warning C4018:  '<': signed/unsigned mismatch
C:\Users\roder\source\repos\GDE - Utils_Tools\math\Vector.h(40,1): warning C4305:  '*=': truncation from 'double' to 'float'
  Utils.cpp
C:\Users\roder\source\repos\GDE - Utils_Tools\math\Vector.cpp(107): message :  see reference to function template instantiation 'float util::Vec::calculateDotAngle<util::Vec2>(const T &,const T &,const bool)' being compiled
C:\Users\roder\source\repos\GDE - Utils_Tools\math\Vector.cpp(107): message :         with
C:\Users\roder\source\repos\GDE - Utils_Tools\math\Vector.cpp(107): message :         [
C:\Users\roder\source\repos\GDE - Utils_Tools\math\Vector.cpp(107): message :             T=util::Vec2
C:\Users\roder\source\repos\GDE - Utils_Tools\math\Vector.cpp(107): message :         ]
C:\Users\roder\source\repos\GDE - Utils_Tools\Utils.cpp(21,20): warning C4018:  '<': signed/unsigned mismatch
C:\Users\roder\source\repos\GDE - Utils_Tools\Utils.cpp(39,20): warning C4018:  '<': signed/unsigned mismatch
C:\Users\roder\source\repos\GDE - Utils_Tools\Utils.cpp(100,20): warning C4018:  '<': signed/unsigned mismatch
C:\Users\roder\source\repos\GDE - Utils_Tools\Utils.cpp(178,20): warning C4018:  '<': signed/unsigned mismatch
C:\Users\roder\source\repos\GDE - Utils_Tools\Utils.cpp(196,62): warning C4244:  'return': conversion from 'double' to 'float', possible loss of data
  Generating Code...
C:\Users\roder\source\repos\GDE - Utils_Tools\Utils.cpp(199,62): warning C4244:  'return': conversion from 'double' to 'float', possible loss of data
  GDE - Utils_Tools.vcxproj -> C:\Users\roder\source\repos\GDE - Utils_Tools\Debug\GDE - Utils_Tools.exe
